<?xml version="1.0" encoding="UTF-8"?>
<robot generator="Robot 7.1 (Python 3.12.0 on win32)" generated="2024-10-24T12:25:59.067715" rpa="false" schemaversion="5">
<suite id="s1" name="7.Testi" source="c:\Users\jemin\OneDrive - Hämeen ammattikorkeakoulu\GitHubit\SoftwareTestingProject\7.testi.robot">
<test id="s1-t1" name="Open browser and go to product page" line="16">
<kw name="Open Browser" owner="SeleniumLibrary">
<msg time="2024-10-24T12:25:59.249693" level="INFO">Opening browser 'Chrome' to base url 'https://www.jimms.fi/'.</msg>
<arg>${URL}</arg>
<arg>Chrome</arg>
<doc>Opens a new browser instance to the optional ``url``.</doc>
<status status="PASS" start="2024-10-24T12:25:59.249693" elapsed="1.887976"/>
</kw>
<kw name="Maximize Browser Window" owner="SeleniumLibrary">
<doc>Maximizes current browser window.</doc>
<status status="PASS" start="2024-10-24T12:26:01.139661" elapsed="0.137260"/>
</kw>
<kw name="Go To" owner="SeleniumLibrary">
<msg time="2024-10-24T12:26:01.277921" level="INFO">Opening url 'https://www.jimms.fi/fi/Product/Show/199044/1000040194/sony-ps5-dualsense-midnight-black-langaton-peliohjain'</msg>
<arg>${productpage}</arg>
<doc>Navigates the current browser window to the provided ``url``.</doc>
<status status="PASS" start="2024-10-24T12:26:01.277921" elapsed="0.459146"/>
</kw>
<status status="PASS" start="2024-10-24T12:25:59.248691" elapsed="2.488376"/>
</test>
<test id="s1-t2" name="Add product to cart and go to cart" line="23">
<kw name="Click Element" owner="SeleniumLibrary">
<msg time="2024-10-24T12:26:01.739069" level="INFO">Clicking element 'xpath=//*[@id="product-cta-box"]/div/div[3]/div[2]/addto-cart-wrapper/div/a'.</msg>
<arg>${addtocart}</arg>
<doc>Click the element identified by ``locator``.</doc>
<status status="PASS" start="2024-10-24T12:26:01.739069" elapsed="0.050308"/>
</kw>
<kw name="Click Element" owner="SeleniumLibrary">
<msg time="2024-10-24T12:26:01.791833" level="INFO">Clicking element 'xpath=//*[@id="headercartcontainer"]/a'.</msg>
<arg>${cartbutton}</arg>
<doc>Click the element identified by ``locator``.</doc>
<status status="PASS" start="2024-10-24T12:26:01.790377" elapsed="0.343702"/>
</kw>
<status status="PASS" start="2024-10-24T12:26:01.738069" elapsed="0.397231"/>
</test>
<test id="s1-t3" name="Empty shopping cart and check that it's empty" line="28">
<kw name="Wait Until Element Is Visible" owner="SeleniumLibrary">
<arg>${emptycart}</arg>
<arg>timeout=10s</arg>
<doc>Waits until the element ``locator`` is visible.</doc>
<status status="PASS" start="2024-10-24T12:26:02.136308" elapsed="0.020346"/>
</kw>
<kw name="Click Element" owner="SeleniumLibrary">
<msg time="2024-10-24T12:26:02.157652" level="INFO">Clicking element 'xpath=//*[@id="jim-main"]/div/div/div/div[1]/div/button'.</msg>
<arg>${emptycart}</arg>
<doc>Click the element identified by ``locator``.</doc>
<status status="PASS" start="2024-10-24T12:26:02.156654" elapsed="0.040982"/>
</kw>
<kw name="Sleep" owner="BuiltIn">
<msg time="2024-10-24T12:26:04.199617" level="INFO">Slept 2 seconds.</msg>
<arg>2s</arg>
<doc>Pauses the test executed for the given time.</doc>
<status status="PASS" start="2024-10-24T12:26:02.197636" elapsed="2.001981"/>
</kw>
<kw name="Wait Until Element Is Visible" owner="SeleniumLibrary">
<arg>${emptycart}</arg>
<arg>timeout=10s</arg>
<doc>Waits until the element ``locator`` is visible.</doc>
<status status="PASS" start="2024-10-24T12:26:04.201710" elapsed="0.019981"/>
</kw>
<kw name="Click Button" owner="SeleniumLibrary">
<msg time="2024-10-24T12:26:04.223197" level="INFO">Clicking button 'xpath=//*[@id="resetcartmodal"]/div/div/div[3]/form/input[3]'.</msg>
<arg>${emptycartButton}</arg>
<doc>Clicks the button identified by ``locator``.</doc>
<status status="PASS" start="2024-10-24T12:26:04.221691" elapsed="0.085904"/>
</kw>
<kw name="Sleep" owner="BuiltIn">
<msg time="2024-10-24T12:26:05.309041" level="INFO">Slept 1 second.</msg>
<arg>1s</arg>
<doc>Pauses the test executed for the given time.</doc>
<status status="PASS" start="2024-10-24T12:26:04.307595" elapsed="1.001446"/>
</kw>
<kw name="Page Should Contain" owner="SeleniumLibrary">
<msg time="2024-10-24T12:26:05.338712" level="INFO">Current page contains text 'Ostoskorisi on tyhjä'.</msg>
<arg>Ostoskorisi on tyhjä</arg>
<doc>Verifies that current page contains ``text``.</doc>
<status status="PASS" start="2024-10-24T12:26:05.311058" elapsed="0.027654"/>
</kw>
<status status="PASS" start="2024-10-24T12:26:02.136308" elapsed="3.203422"/>
</test>
<status status="PASS" start="2024-10-24T12:25:59.073749" elapsed="6.268981"/>
</suite>
<statistics>
<total>
<stat pass="3" fail="0" skip="0">All Tests</stat>
</total>
<tag>
</tag>
<suite>
<stat pass="3" fail="0" skip="0" id="s1" name="7.Testi">7.Testi</stat>
</suite>
</statistics>
<errors>
</errors>
</robot>
