<?xml version="1.0" encoding="UTF-8"?>
<robot generator="Robot 7.1 (Python 3.12.5 on win32)" generated="2024-10-25T10:44:31.100927" rpa="false" schemaversion="5">
<suite id="s1" name="6.Testi" source="c:\Users\leski\OneDrive\Tiedostot\GitHub\SoftwareTestingProject\6.testi.robot">
<test id="s1-t1" name="Verify Social Media Links" line="17">
<kw name="Open Browser" owner="SeleniumLibrary">
<msg time="2024-10-25T10:44:31.728572" level="INFO">Opening browser 'Chrome' to base url 'https://www.jimms.fi/'.</msg>
<arg>${url}</arg>
<arg>Chrome</arg>
<doc>Opens a new browser instance to the optional ``url``.</doc>
<status status="PASS" start="2024-10-25T10:44:31.728391" elapsed="3.022378"/>
</kw>
<kw name="Maximize Browser Window" owner="SeleniumLibrary">
<doc>Maximizes current browser window.</doc>
<status status="PASS" start="2024-10-25T10:44:34.751767" elapsed="0.240955"/>
</kw>
<kw name="Click Element" owner="SeleniumLibrary">
<msg time="2024-10-25T10:44:34.994754" level="INFO">Clicking element 'xpath=//a[contains(@href, 'facebook.com')]'.</msg>
<arg>${facebook_link}</arg>
<doc>Click the element identified by ``locator``.</doc>
<status status="PASS" start="2024-10-25T10:44:34.992722" elapsed="0.468263"/>
</kw>
<kw name="Switch Window" owner="SeleniumLibrary">
<arg>NEW</arg>
<doc>Switches to browser window matching ``locator``.</doc>
<status status="PASS" start="2024-10-25T10:44:35.460985" elapsed="0.015502"/>
</kw>
<kw name="Location Should Contain" owner="SeleniumLibrary">
<msg time="2024-10-25T10:44:36.280834" level="INFO">Current location contains 'facebook.com'.</msg>
<arg>facebook.com</arg>
<doc>Verifies that the current URL contains ``expected``.</doc>
<status status="PASS" start="2024-10-25T10:44:35.477273" elapsed="0.804568"/>
</kw>
<kw name="Close Window" owner="SeleniumLibrary">
<doc>Closes currently opened and selected browser window/tab.</doc>
<status status="PASS" start="2024-10-25T10:44:36.281841" elapsed="0.465774"/>
</kw>
<kw name="Switch Window" owner="SeleniumLibrary">
<arg>MAIN</arg>
<doc>Switches to browser window matching ``locator``.</doc>
<status status="PASS" start="2024-10-25T10:44:36.747615" elapsed="0.000000"/>
</kw>
<kw name="Click Element" owner="SeleniumLibrary">
<msg time="2024-10-25T10:44:36.747615" level="INFO">Clicking element 'xpath=//a[contains(@href, 'instagram.com')]'.</msg>
<arg>${instagram_link}</arg>
<doc>Click the element identified by ``locator``.</doc>
<status status="PASS" start="2024-10-25T10:44:36.747615" elapsed="0.151731"/>
</kw>
<kw name="Switch Window" owner="SeleniumLibrary">
<arg>NEW</arg>
<doc>Switches to browser window matching ``locator``.</doc>
<status status="PASS" start="2024-10-25T10:44:36.899346" elapsed="0.021093"/>
</kw>
<kw name="Location Should Contain" owner="SeleniumLibrary">
<msg time="2024-10-25T10:44:38.210352" level="INFO">Current location contains 'instagram.com'.</msg>
<arg>instagram.com</arg>
<doc>Verifies that the current URL contains ``expected``.</doc>
<status status="PASS" start="2024-10-25T10:44:36.921394" elapsed="1.288958"/>
</kw>
<kw name="Close Window" owner="SeleniumLibrary">
<doc>Closes currently opened and selected browser window/tab.</doc>
<status status="PASS" start="2024-10-25T10:44:38.211378" elapsed="0.061417"/>
</kw>
<kw name="Switch Window" owner="SeleniumLibrary">
<arg>MAIN</arg>
<doc>Switches to browser window matching ``locator``.</doc>
<status status="PASS" start="2024-10-25T10:44:38.272795" elapsed="0.000000"/>
</kw>
<kw name="Click Element" owner="SeleniumLibrary">
<msg time="2024-10-25T10:44:38.272795" level="INFO">Clicking element 'xpath=//a[contains(@href, 'twitter.com')]'.</msg>
<arg>${twitter_link}</arg>
<doc>Click the element identified by ``locator``.</doc>
<status status="PASS" start="2024-10-25T10:44:38.272795" elapsed="0.222240"/>
</kw>
<kw name="Switch Window" owner="SeleniumLibrary">
<arg>NEW</arg>
<doc>Switches to browser window matching ``locator``.</doc>
<status status="PASS" start="2024-10-25T10:44:38.496781" elapsed="0.015032"/>
</kw>
<kw name="Location Should Contain" owner="SeleniumLibrary">
<msg time="2024-10-25T10:44:41.793798" level="INFO">Current location contains 'x.com'.</msg>
<arg>x.com</arg>
<doc>Verifies that the current URL contains ``expected``.</doc>
<status status="PASS" start="2024-10-25T10:44:38.511813" elapsed="3.281985"/>
</kw>
<kw name="Close Window" owner="SeleniumLibrary">
<doc>Closes currently opened and selected browser window/tab.</doc>
<status status="PASS" start="2024-10-25T10:44:41.793798" elapsed="0.059744"/>
</kw>
<kw name="Switch Window" owner="SeleniumLibrary">
<arg>MAIN</arg>
<doc>Switches to browser window matching ``locator``.</doc>
<status status="PASS" start="2024-10-25T10:44:41.853542" elapsed="0.007555"/>
</kw>
<kw name="Click Element" owner="SeleniumLibrary">
<msg time="2024-10-25T10:44:41.863079" level="INFO">Clicking element 'xpath=//a[contains(@href, 'youtube.com')]'.</msg>
<arg>${youtube_link}</arg>
<doc>Click the element identified by ``locator``.</doc>
<status status="PASS" start="2024-10-25T10:44:41.862102" elapsed="0.129017"/>
</kw>
<kw name="Switch Window" owner="SeleniumLibrary">
<arg>NEW</arg>
<doc>Switches to browser window matching ``locator``.</doc>
<status status="PASS" start="2024-10-25T10:44:41.991119" elapsed="0.048868"/>
</kw>
<kw name="Location Should Contain" owner="SeleniumLibrary">
<msg time="2024-10-25T10:44:43.029845" level="INFO">Current location contains 'youtube.com'.</msg>
<arg>youtube.com</arg>
<doc>Verifies that the current URL contains ``expected``.</doc>
<status status="PASS" start="2024-10-25T10:44:42.043538" elapsed="0.986307"/>
</kw>
<kw name="Close Window" owner="SeleniumLibrary">
<doc>Closes currently opened and selected browser window/tab.</doc>
<status status="PASS" start="2024-10-25T10:44:43.029845" elapsed="0.070274"/>
</kw>
<kw name="Switch Window" owner="SeleniumLibrary">
<arg>MAIN</arg>
<doc>Switches to browser window matching ``locator``.</doc>
<status status="PASS" start="2024-10-25T10:44:43.100119" elapsed="0.005203"/>
</kw>
<kw name="Click Element" owner="SeleniumLibrary">
<msg time="2024-10-25T10:44:43.105977" level="INFO">Clicking element 'xpath=//a[contains(@href, 'tiktok.com')]'.</msg>
<arg>${tiktok_link}</arg>
<doc>Click the element identified by ``locator``.</doc>
<status status="PASS" start="2024-10-25T10:44:43.105977" elapsed="0.120265"/>
</kw>
<kw name="Switch Window" owner="SeleniumLibrary">
<arg>NEW</arg>
<doc>Switches to browser window matching ``locator``.</doc>
<status status="PASS" start="2024-10-25T10:44:43.227142" elapsed="0.051793"/>
</kw>
<kw name="Location Should Contain" owner="SeleniumLibrary">
<msg time="2024-10-25T10:44:48.177199" level="INFO">Current location contains 'tiktok.com'.</msg>
<arg>tiktok.com</arg>
<doc>Verifies that the current URL contains ``expected``.</doc>
<status status="PASS" start="2024-10-25T10:44:43.279695" elapsed="4.897504"/>
</kw>
<kw name="Close Window" owner="SeleniumLibrary">
<doc>Closes currently opened and selected browser window/tab.</doc>
<status status="PASS" start="2024-10-25T10:44:48.177199" elapsed="0.075031"/>
</kw>
<kw name="Switch Window" owner="SeleniumLibrary">
<arg>MAIN</arg>
<doc>Switches to browser window matching ``locator``.</doc>
<status status="PASS" start="2024-10-25T10:44:48.252230" elapsed="0.010536"/>
</kw>
<kw name="Click Element" owner="SeleniumLibrary">
<msg time="2024-10-25T10:44:48.263739" level="INFO">Clicking element 'xpath=//a[contains(@href, 'linkedin.com')]'.</msg>
<arg>${linkedin_link}</arg>
<doc>Click the element identified by ``locator``.</doc>
<status status="PASS" start="2024-10-25T10:44:48.263739" elapsed="0.121828"/>
</kw>
<kw name="Switch Window" owner="SeleniumLibrary">
<arg>NEW</arg>
<doc>Switches to browser window matching ``locator``.</doc>
<status status="PASS" start="2024-10-25T10:44:48.385567" elapsed="0.057934"/>
</kw>
<kw name="Location Should Contain" owner="SeleniumLibrary">
<msg time="2024-10-25T10:44:50.030100" level="INFO">Current location contains 'linkedin.com'.</msg>
<arg>linkedin.com</arg>
<doc>Verifies that the current URL contains ``expected``.</doc>
<status status="PASS" start="2024-10-25T10:44:48.444503" elapsed="1.585597"/>
</kw>
<kw name="Close Window" owner="SeleniumLibrary">
<doc>Closes currently opened and selected browser window/tab.</doc>
<status status="PASS" start="2024-10-25T10:44:50.030100" elapsed="0.061115"/>
</kw>
<kw name="Close Browser" owner="SeleniumLibrary">
<doc>Closes the current browser.</doc>
<status status="PASS" start="2024-10-25T10:44:50.092201" elapsed="2.248342"/>
</kw>
<doc>Verifies if social media links in the footer open successfully.</doc>
<status status="PASS" start="2024-10-25T10:44:31.726392" elapsed="20.614151"/>
</test>
<status status="PASS" start="2024-10-25T10:44:31.107590" elapsed="21.232953"/>
</suite>
<statistics>
<total>
<stat pass="1" fail="0" skip="0">All Tests</stat>
</total>
<tag>
</tag>
<suite>
<stat pass="1" fail="0" skip="0" id="s1" name="6.Testi">6.Testi</stat>
</suite>
</statistics>
<errors>
</errors>
</robot>
