<?xml version="1.0" encoding="UTF-8"?>
<robot generator="Robot 7.0.1 (Python 3.12.0 on win32)" generated="2024-10-26T14:52:17.445290" rpa="false" schemaversion="5">
<suite id="s1" name="1.Testi" source="c:\SoftwareTestingProject\1.testi.robot">
<test id="s1-t1" name="Testataan, onko kaikilla tuotteilla landing page" line="12">
<kw name="Open Browser" owner="SeleniumLibrary">
<msg time="2024-10-26T14:52:17.946366" level="INFO">Opening browser 'Chrome' to base url 'https://www.jimms.fi/'.</msg>
<arg>${URL}</arg>
<arg>${BROWSER}</arg>
<doc>Opens a new browser instance to the optional ``url``.</doc>
<status status="PASS" start="2024-10-26T14:52:17.946366" elapsed="3.398078"/>
</kw>
<kw name="Maximize Browser Window" owner="SeleniumLibrary">
<doc>Maximizes current browser window.</doc>
<status status="PASS" start="2024-10-26T14:52:21.346148" elapsed="0.579464"/>
</kw>
<kw name="Reload Page" owner="SeleniumLibrary">
<doc>Simulates user reloading page.</doc>
<status status="PASS" start="2024-10-26T14:52:21.925612" elapsed="0.623290"/>
</kw>
<kw name="Sleep" owner="BuiltIn">
<msg time="2024-10-26T14:52:23.549326" level="INFO">Slept 1 second.</msg>
<arg>1s</arg>
<doc>Pauses the test executed for the given time.</doc>
<status status="PASS" start="2024-10-26T14:52:22.548902" elapsed="1.000424"/>
</kw>
<kw name="Wait Until Element Is Visible" owner="SeleniumLibrary">
<arg>xpath://html/body/header/div/div[1]/jim-drilldown-mega-menu/nav/ul/li/a</arg>
<arg>5s</arg>
<doc>Waits until the element ``locator`` is visible.</doc>
<status status="PASS" start="2024-10-26T14:52:23.550378" elapsed="0.029735"/>
</kw>
<kw name="Get WebElements" owner="SeleniumLibrary">
<msg time="2024-10-26T14:52:23.595014" level="INFO">${elements} = [&lt;selenium.webdriver.remote.webelement.WebElement (session="00ce870024993db82d5326a5a1edf776", element="f.664A4FDBE9E1F5272329D1909255EC21.d.E76C6C64511EE88DFA611ADF55CFBE6C.e.8901")&gt;, &lt;selenium.webdr...</msg>
<var>${elements}</var>
<arg>xpath://html/body/header/div/div[1]/jim-drilldown-mega-menu/nav/ul/li/a</arg>
<doc>Returns a list of WebElement objects matching the ``locator``.</doc>
<status status="PASS" start="2024-10-26T14:52:23.583620" elapsed="0.011906"/>
</kw>
<for flavor="IN">
<iter>
<kw name="Get Text" owner="SeleniumLibrary">
<msg time="2024-10-26T14:52:23.615414" level="INFO">${link_text} = Tietokoneet</msg>
<var>${link_text}</var>
<arg>${element}</arg>
<doc>Returns the text value of the element identified by ``locator``.</doc>
<status status="PASS" start="2024-10-26T14:52:23.599110" elapsed="0.016304"/>
</kw>
<kw name="Log" owner="BuiltIn">
<msg time="2024-10-26T14:52:23.616373" level="INFO">Clicking link: Tietokoneet</msg>
<arg>Clicking link: ${link_text}</arg>
<doc>Logs the given message with the given level.</doc>
<status status="PASS" start="2024-10-26T14:52:23.615414" elapsed="0.000959"/>
</kw>
<kw name="Run Keyword And Ignore Error" owner="BuiltIn">
<kw name="Click Element" owner="SeleniumLibrary">
<msg time="2024-10-26T14:52:23.617463" level="INFO">Clicking element '&lt;selenium.webdriver.remote.webelement.WebElement (session="00ce870024993db82d5326a5a1edf776", element="f.664A4FDBE9E1F5272329D1909255EC21.d.E76C6C64511EE88DFA611ADF55CFBE6C.e.8901")&gt;'.</msg>
<arg>${element}</arg>
<doc>Click the element identified by ``locator``.</doc>
<status status="PASS" start="2024-10-26T14:52:23.616881" elapsed="0.618748"/>
</kw>
<arg>Click Element</arg>
<arg>${element}</arg>
<doc>Runs the given keyword with the given arguments and ignores possible error.</doc>
<status status="PASS" start="2024-10-26T14:52:23.616881" elapsed="0.619572"/>
</kw>
<kw name="Sleep" owner="BuiltIn">
<msg time="2024-10-26T14:52:26.237497" level="INFO">Slept 2 seconds.</msg>
<arg>2</arg>
<doc>Pauses the test executed for the given time.</doc>
<status status="PASS" start="2024-10-26T14:52:24.236741" elapsed="2.000756"/>
</kw>
<kw name="Wait Until Page Contains Element" owner="SeleniumLibrary">
<msg time="2024-10-26T14:52:36.558275" level="INFO" html="true">&lt;/td&gt;&lt;/tr&gt;&lt;tr&gt;&lt;td colspan="3"&gt;&lt;a href="selenium-screenshot-13.png"&gt;&lt;img src="selenium-screenshot-13.png" width="800px"&gt;&lt;/a&gt;</msg>
<msg time="2024-10-26T14:52:36.558275" level="FAIL">Element 'xpath://*[@id='product-specific-element']' did not appear in 10 seconds.</msg>
<arg>xpath://*[@id='product-specific-element']</arg>
<arg>10s</arg>
<doc>Waits until the element ``locator`` appears on the current page.</doc>
<status status="FAIL" start="2024-10-26T14:52:26.237497" elapsed="10.326848">Element 'xpath://*[@id='product-specific-element']' did not appear in 10 seconds.</status>
</kw>
<kw name="Go Back" owner="SeleniumLibrary">
<doc>Simulates the user clicking the back button on their browser.</doc>
<status status="NOT RUN" start="2024-10-26T14:52:36.565356" elapsed="0.000000"/>
</kw>
<kw name="Sleep" owner="BuiltIn">
<arg>1</arg>
<doc>Pauses the test executed for the given time.</doc>
<status status="NOT RUN" start="2024-10-26T14:52:36.565356" elapsed="0.000000"/>
</kw>
<kw name="Wait Until Element Is Visible" owner="SeleniumLibrary">
<arg>xpath://html/body/header/div/div[1]/jim-drilldown-mega-menu/nav/ul/li/a</arg>
<arg>10s</arg>
<doc>Waits until the element ``locator`` is visible.</doc>
<status status="NOT RUN" start="2024-10-26T14:52:36.566397" elapsed="0.000000"/>
</kw>
<var name="${element}">&lt;selenium.webdriver.remote.webelement.WebElement (session="00ce870024993db82d5326a5a1edf776", element="f.664A4FDBE9E1F5272329D1909255EC21.d.E76C6C64511EE88DFA611ADF55CFBE6C.e.8901")&gt;</var>
<status status="FAIL" start="2024-10-26T14:52:23.599110" elapsed="12.967287">Element 'xpath://*[@id='product-specific-element']' did not appear in 10 seconds.</status>
</iter>
<var>${element}</var>
<value>@{elements}</value>
<status status="FAIL" start="2024-10-26T14:52:23.598526" elapsed="12.967871">Element 'xpath://*[@id='product-specific-element']' did not appear in 10 seconds.</status>
</for>
<status status="FAIL" start="2024-10-26T14:52:17.946366" elapsed="18.621180">Element 'xpath://*[@id='product-specific-element']' did not appear in 10 seconds.</status>
</test>
<status status="FAIL" start="2024-10-26T14:52:17.447934" elapsed="19.119612"/>
</suite>
<statistics>
<total>
<stat pass="0" fail="1" skip="0">All Tests</stat>
</total>
<tag>
</tag>
<suite>
<stat pass="0" fail="1" skip="0" id="s1" name="1.Testi">1.Testi</stat>
</suite>
</statistics>
<errors>
</errors>
</robot>
