<?xml version="1.0" encoding="UTF-8"?>
<robot generator="Robot 7.1 (Python 3.12.0 on win32)" generated="2024-10-26T16:33:13.304475" rpa="false" schemaversion="5">
<suite id="s1" name="10.Testi" source="c:\Users\jemin\OneDrive - Hämeen ammattikorkeakoulu\GitHubit\SoftwareTestingProject\10.testi.robot">
<test id="s1-t1" name="Open browser" line="15">
<kw name="Open Browser" owner="SeleniumLibrary">
<msg time="2024-10-26T16:33:13.497533" level="INFO">Opening browser 'Chrome' to base url 'https://www.jimms.fi/'.</msg>
<arg>${URL}</arg>
<arg>Chrome</arg>
<doc>Opens a new browser instance to the optional ``url``.</doc>
<status status="PASS" start="2024-10-26T16:33:13.496535" elapsed="4.233984"/>
</kw>
<kw name="Maximize Browser Window" owner="SeleniumLibrary">
<doc>Maximizes current browser window.</doc>
<status status="PASS" start="2024-10-26T16:33:17.731523" elapsed="0.101483"/>
</kw>
<doc>Jemina</doc>
<status status="PASS" start="2024-10-26T16:33:13.494536" elapsed="4.340474"/>
</test>
<test id="s1-t2" name="Change theme to dark" line="21">
<kw name="Click Element" owner="SeleniumLibrary">
<msg time="2024-10-26T16:33:17.838019" level="INFO">Clicking element 'xpath=/html/body/div[1]/div/div/span'.</msg>
<arg>${dropdown}</arg>
<doc>Click the element identified by ``locator``.</doc>
<status status="PASS" start="2024-10-26T16:33:17.838019" elapsed="0.139967"/>
</kw>
<kw name="Click Element" owner="SeleniumLibrary">
<msg time="2024-10-26T16:33:17.979093" level="INFO">Clicking element 'xpath=/html/body/div[1]/div/div/ul/li[2]/button'.</msg>
<arg>${darktheme}</arg>
<doc>Click the element identified by ``locator``.</doc>
<status status="PASS" start="2024-10-26T16:33:17.978586" elapsed="0.092718"/>
</kw>
<kw name="Sleep" owner="BuiltIn">
<msg time="2024-10-26T16:33:21.071662" level="INFO">Slept 3 seconds.</msg>
<arg>3s</arg>
<doc>Pauses the test executed for the given time.</doc>
<status status="PASS" start="2024-10-26T16:33:18.071304" elapsed="3.000358"/>
</kw>
<kw name="Take Screenshot" owner="Screenshot">
<msg time="2024-10-26T16:33:21.156415" level="INFO" html="true">&lt;a href="darktheme.jpg"&gt;&lt;img src="darktheme.jpg" width="800px"&gt;&lt;/a&gt;</msg>
<arg>darktheme.jpg</arg>
<doc>Takes a screenshot in JPEG format and embeds it into the log file.</doc>
<status status="PASS" start="2024-10-26T16:33:21.072678" elapsed="0.083737"/>
</kw>
<status status="PASS" start="2024-10-26T16:33:17.837019" elapsed="3.320397"/>
</test>
<test id="s1-t3" name="Change theme back to light" line="28">
<kw name="Click Element" owner="SeleniumLibrary">
<msg time="2024-10-26T16:33:21.160417" level="INFO">Clicking element 'xpath=/html/body/div[1]/div/div/span'.</msg>
<arg>${dropdown}</arg>
<doc>Click the element identified by ``locator``.</doc>
<status status="PASS" start="2024-10-26T16:33:21.159419" elapsed="0.044627"/>
</kw>
<kw name="Click Element" owner="SeleniumLibrary">
<msg time="2024-10-26T16:33:21.205046" level="INFO">Clicking element 'xpath=/html/body/div[1]/div/div/ul/li[1]/button'.</msg>
<arg>${lighttheme}</arg>
<doc>Click the element identified by ``locator``.</doc>
<status status="PASS" start="2024-10-26T16:33:21.205046" elapsed="0.065348"/>
</kw>
<kw name="Sleep" owner="BuiltIn">
<msg time="2024-10-26T16:33:24.271699" level="INFO">Slept 3 seconds.</msg>
<arg>3s</arg>
<doc>Pauses the test executed for the given time.</doc>
<status status="PASS" start="2024-10-26T16:33:21.271395" elapsed="3.000304"/>
</kw>
<kw name="Take Screenshot" owner="Screenshot">
<msg time="2024-10-26T16:33:24.309776" level="INFO" html="true">&lt;a href="lighttheme.jpg"&gt;&lt;img src="lighttheme.jpg" width="800px"&gt;&lt;/a&gt;</msg>
<arg>lighttheme.jpg</arg>
<doc>Takes a screenshot in JPEG format and embeds it into the log file.</doc>
<status status="PASS" start="2024-10-26T16:33:24.273077" elapsed="0.036699"/>
</kw>
<kw name="Close Browser" owner="SeleniumLibrary">
<doc>Closes the current browser.</doc>
<status status="PASS" start="2024-10-26T16:33:24.310889" elapsed="2.127108"/>
</kw>
<status status="PASS" start="2024-10-26T16:33:21.158417" elapsed="5.280576"/>
</test>
<status status="PASS" start="2024-10-26T16:33:13.308422" elapsed="13.133614"/>
</suite>
<statistics>
<total>
<stat pass="3" fail="0" skip="0">All Tests</stat>
</total>
<tag>
</tag>
<suite>
<stat pass="3" fail="0" skip="0" id="s1" name="10.Testi">10.Testi</stat>
</suite>
</statistics>
<errors>
</errors>
</robot>
