<?xml version="1.0" encoding="UTF-8"?>
<robot generator="Robot 7.0.1 (Python 3.12.0 on win32)" generated="2024-10-26T23:09:15.425024" rpa="false" schemaversion="5">
<suite id="s1" name="Jimms" source="c:\SoftwareTestingProject\jimms.robot">
<test id="s1-t1" name="Testataan, onko kaikilla tuotteilla landing page" line="17">
<kw name="Open Browser" owner="SeleniumLibrary">
<msg time="2024-10-26T23:09:16.315942" level="INFO">Opening browser 'Chrome' to base url 'https://www.jimms.fi/'.</msg>
<arg>${url}</arg>
<arg>Chrome</arg>
<doc>Opens a new browser instance to the optional ``url``.</doc>
<status status="PASS" start="2024-10-26T23:09:16.313937" elapsed="2.737546"/>
</kw>
<kw name="Maximize Browser Window" owner="SeleniumLibrary">
<doc>Maximizes current browser window.</doc>
<status status="PASS" start="2024-10-26T23:09:19.055063" elapsed="0.181025"/>
</kw>
<kw name="Sleep" owner="BuiltIn">
<msg time="2024-10-26T23:09:21.239318" level="INFO">Slept 2 seconds.</msg>
<arg>2s</arg>
<doc>Pauses the test executed for the given time.</doc>
<status status="PASS" start="2024-10-26T23:09:19.238086" elapsed="2.002462"/>
</kw>
<kw name="Create List" owner="BuiltIn">
<msg time="2024-10-26T23:09:21.249270" level="INFO">${xpaths_category} = ['xpath:/html/body/header/div/div[1]/jim-drilldown-mega-menu/nav/ul/li[1]', 'xpath:/html/body/header/div/div[1]/jim-drilldown-mega-menu/nav/ul/li[2]', 'xpath:/html/body/header/div/div[1]/jim-drilldown...</msg>
<var>${xpaths_category}</var>
<arg>xpath:/html/body/header/div/div[1]/jim-drilldown-mega-menu/nav/ul/li[1]</arg>
<arg>xpath:/html/body/header/div/div[1]/jim-drilldown-mega-menu/nav/ul/li[2]</arg>
<arg>xpath:/html/body/header/div/div[1]/jim-drilldown-mega-menu/nav/ul/li[3]</arg>
<arg>xpath:/html/body/header/div/div[1]/jim-drilldown-mega-menu/nav/ul/li[4]</arg>
<arg>xpath:/html/body/header/div/div[1]/jim-drilldown-mega-menu/nav/ul/li[5]</arg>
<arg>xpath:/html/body/header/div/div[1]/jim-drilldown-mega-menu/nav/ul/li[6]</arg>
<arg>xpath:/html/body/header/div/div[1]/jim-drilldown-mega-menu/nav/ul/li[7]</arg>
<arg>xpath:/html/body/header/div/div[1]/jim-drilldown-mega-menu/nav/ul/li[8]</arg>
<arg>xpath:/html/body/header/div/div[1]/jim-drilldown-mega-menu/nav/ul/li[9]</arg>
<arg>xpath:/html/body/header/div/div[1]/jim-drilldown-mega-menu/nav/ul/li[10]</arg>
<doc>Returns a list containing given items.</doc>
<status status="PASS" start="2024-10-26T23:09:21.245181" elapsed="0.005088"/>
</kw>
<for flavor="IN RANGE">
<iter>
<kw name="Get From List" owner="Collections">
<msg time="2024-10-26T23:09:21.262472" level="INFO">${xpath_landing_page} = xpath:/html/body/header/div/div[1]/jim-drilldown-mega-menu/nav/ul/li[1]</msg>
<var>${xpath_landing_page}</var>
<arg>${xpaths_category}</arg>
<arg>${index}</arg>
<doc>Returns the value specified with an ``index`` from ``list``.</doc>
<status status="PASS" start="2024-10-26T23:09:21.260371" elapsed="0.002101"/>
</kw>
<kw name="Reload Page" owner="SeleniumLibrary">
<doc>Simulates user reloading page.</doc>
<status status="PASS" start="2024-10-26T23:09:21.263981" elapsed="0.470997"/>
</kw>
<kw name="Click Element" owner="SeleniumLibrary">
<msg time="2024-10-26T23:09:21.736985" level="INFO">Clicking element 'xpath:/html/body/header/div/div[1]/jim-drilldown-mega-menu/nav/ul/li[1]'.</msg>
<arg>${xpath_landing_page}</arg>
<doc>Click the element identified by ``locator``.</doc>
<status status="PASS" start="2024-10-26T23:09:21.735988" elapsed="0.520775"/>
</kw>
<kw name="Get Title" owner="SeleniumLibrary">
<msg time="2024-10-26T23:09:22.307542" level="INFO">${page_title} = Tietokoneet - Jimms.fi</msg>
<var>${page_title}</var>
<doc>Returns the title of the current page.</doc>
<status status="PASS" start="2024-10-26T23:09:22.257753" elapsed="0.050793"/>
</kw>
<kw name="Run Keyword And Ignore Error" owner="BuiltIn">
<kw name="Should Not Be Empty" owner="BuiltIn">
<msg time="2024-10-26T23:09:22.314210" level="INFO">Length is 22.</msg>
<arg>${page_title}</arg>
<arg>Kategoriassa ${index + 1} pitäisi olla laskeutumis- eli "landing" -sivu</arg>
<doc>Verifies that the given item is not empty.</doc>
<status status="PASS" start="2024-10-26T23:09:22.310556" elapsed="0.003654"/>
</kw>
<arg>Should Not Be Empty</arg>
<arg>${page_title}</arg>
<arg>Kategoriassa ${index + 1} pitäisi olla laskeutumis- eli "landing" -sivu</arg>
<doc>Runs the given keyword with the given arguments and ignores possible error.</doc>
<status status="PASS" start="2024-10-26T23:09:22.309564" elapsed="0.005640"/>
</kw>
<kw name="Run Keyword And Continue On Failure" owner="BuiltIn">
<kw name="Go Back" owner="SeleniumLibrary">
<doc>Simulates the user clicking the back button on their browser.</doc>
<status status="PASS" start="2024-10-26T23:09:22.317204" elapsed="0.062334"/>
</kw>
<arg>Go Back</arg>
<doc>Runs the keyword and continues execution even if a failure occurs.</doc>
<status status="PASS" start="2024-10-26T23:09:22.315204" elapsed="0.065307"/>
</kw>
<var name="${index}">0</var>
<status status="PASS" start="2024-10-26T23:09:21.258385" elapsed="1.122126"/>
</iter>
<iter>
<kw name="Get From List" owner="Collections">
<msg time="2024-10-26T23:09:22.383070" level="INFO">${xpath_landing_page} = xpath:/html/body/header/div/div[1]/jim-drilldown-mega-menu/nav/ul/li[2]</msg>
<var>${xpath_landing_page}</var>
<arg>${xpaths_category}</arg>
<arg>${index}</arg>
<doc>Returns the value specified with an ``index`` from ``list``.</doc>
<status status="PASS" start="2024-10-26T23:09:22.381505" elapsed="0.002520"/>
</kw>
<kw name="Reload Page" owner="SeleniumLibrary">
<doc>Simulates user reloading page.</doc>
<status status="PASS" start="2024-10-26T23:09:22.384025" elapsed="0.392248"/>
</kw>
<kw name="Click Element" owner="SeleniumLibrary">
<msg time="2024-10-26T23:09:22.778272" level="INFO">Clicking element 'xpath:/html/body/header/div/div[1]/jim-drilldown-mega-menu/nav/ul/li[2]'.</msg>
<arg>${xpath_landing_page}</arg>
<doc>Click the element identified by ``locator``.</doc>
<status status="PASS" start="2024-10-26T23:09:22.776273" elapsed="0.680427"/>
</kw>
<kw name="Get Title" owner="SeleniumLibrary">
<msg time="2024-10-26T23:09:23.471483" level="INFO">${page_title} = Komponentit - Jimms.fi</msg>
<var>${page_title}</var>
<doc>Returns the title of the current page.</doc>
<status status="PASS" start="2024-10-26T23:09:23.457790" elapsed="0.015277"/>
</kw>
<kw name="Run Keyword And Ignore Error" owner="BuiltIn">
<kw name="Should Not Be Empty" owner="BuiltIn">
<msg time="2024-10-26T23:09:23.477006" level="INFO">Length is 22.</msg>
<arg>${page_title}</arg>
<arg>Kategoriassa ${index + 1} pitäisi olla laskeutumis- eli "landing" -sivu</arg>
<doc>Verifies that the given item is not empty.</doc>
<status status="PASS" start="2024-10-26T23:09:23.474995" elapsed="0.002011"/>
</kw>
<arg>Should Not Be Empty</arg>
<arg>${page_title}</arg>
<arg>Kategoriassa ${index + 1} pitäisi olla laskeutumis- eli "landing" -sivu</arg>
<doc>Runs the given keyword with the given arguments and ignores possible error.</doc>
<status status="PASS" start="2024-10-26T23:09:23.473997" elapsed="0.003998"/>
</kw>
<kw name="Run Keyword And Continue On Failure" owner="BuiltIn">
<kw name="Go Back" owner="SeleniumLibrary">
<doc>Simulates the user clicking the back button on their browser.</doc>
<status status="PASS" start="2024-10-26T23:09:23.479995" elapsed="0.060293"/>
</kw>
<arg>Go Back</arg>
<doc>Runs the keyword and continues execution even if a failure occurs.</doc>
<status status="PASS" start="2024-10-26T23:09:23.477995" elapsed="0.062293"/>
</kw>
<var name="${index}">1</var>
<status status="PASS" start="2024-10-26T23:09:22.381505" elapsed="1.159782"/>
</iter>
<iter>
<kw name="Get From List" owner="Collections">
<msg time="2024-10-26T23:09:23.543792" level="INFO">${xpath_landing_page} = xpath:/html/body/header/div/div[1]/jim-drilldown-mega-menu/nav/ul/li[3]</msg>
<var>${xpath_landing_page}</var>
<arg>${xpaths_category}</arg>
<arg>${index}</arg>
<doc>Returns the value specified with an ``index`` from ``list``.</doc>
<status status="PASS" start="2024-10-26T23:09:23.542287" elapsed="0.001505"/>
</kw>
<kw name="Reload Page" owner="SeleniumLibrary">
<doc>Simulates user reloading page.</doc>
<status status="PASS" start="2024-10-26T23:09:23.544798" elapsed="0.404159"/>
</kw>
<kw name="Click Element" owner="SeleniumLibrary">
<msg time="2024-10-26T23:09:23.949923" level="INFO">Clicking element 'xpath:/html/body/header/div/div[1]/jim-drilldown-mega-menu/nav/ul/li[3]'.</msg>
<arg>${xpath_landing_page}</arg>
<doc>Click the element identified by ``locator``.</doc>
<status status="PASS" start="2024-10-26T23:09:23.948957" elapsed="0.565511"/>
</kw>
<kw name="Get Title" owner="SeleniumLibrary">
<msg time="2024-10-26T23:09:24.529092" level="INFO">${page_title} = Oheislaitteet - Jimms.fi</msg>
<var>${page_title}</var>
<doc>Returns the title of the current page.</doc>
<status status="PASS" start="2024-10-26T23:09:24.514468" elapsed="0.015529"/>
</kw>
<kw name="Run Keyword And Ignore Error" owner="BuiltIn">
<kw name="Should Not Be Empty" owner="BuiltIn">
<msg time="2024-10-26T23:09:24.533692" level="INFO">Length is 24.</msg>
<arg>${page_title}</arg>
<arg>Kategoriassa ${index + 1} pitäisi olla laskeutumis- eli "landing" -sivu</arg>
<doc>Verifies that the given item is not empty.</doc>
<status status="PASS" start="2024-10-26T23:09:24.531085" elapsed="0.002607"/>
</kw>
<arg>Should Not Be Empty</arg>
<arg>${page_title}</arg>
<arg>Kategoriassa ${index + 1} pitäisi olla laskeutumis- eli "landing" -sivu</arg>
<doc>Runs the given keyword with the given arguments and ignores possible error.</doc>
<status status="PASS" start="2024-10-26T23:09:24.529997" elapsed="0.003695"/>
</kw>
<kw name="Run Keyword And Continue On Failure" owner="BuiltIn">
<kw name="Go Back" owner="SeleniumLibrary">
<doc>Simulates the user clicking the back button on their browser.</doc>
<status status="PASS" start="2024-10-26T23:09:24.535805" elapsed="0.059212"/>
</kw>
<arg>Go Back</arg>
<doc>Runs the keyword and continues execution even if a failure occurs.</doc>
<status status="PASS" start="2024-10-26T23:09:24.534798" elapsed="0.060219"/>
</kw>
<var name="${index}">2</var>
<status status="PASS" start="2024-10-26T23:09:23.541287" elapsed="1.053730"/>
</iter>
<iter>
<kw name="Get From List" owner="Collections">
<msg time="2024-10-26T23:09:24.598030" level="INFO">${xpath_landing_page} = xpath:/html/body/header/div/div[1]/jim-drilldown-mega-menu/nav/ul/li[4]</msg>
<var>${xpath_landing_page}</var>
<arg>${xpaths_category}</arg>
<arg>${index}</arg>
<doc>Returns the value specified with an ``index`` from ``list``.</doc>
<status status="PASS" start="2024-10-26T23:09:24.597015" elapsed="0.002007"/>
</kw>
<kw name="Reload Page" owner="SeleniumLibrary">
<doc>Simulates user reloading page.</doc>
<status status="PASS" start="2024-10-26T23:09:24.600013" elapsed="0.454304"/>
</kw>
<kw name="Click Element" owner="SeleniumLibrary">
<msg time="2024-10-26T23:09:25.056323" level="INFO">Clicking element 'xpath:/html/body/header/div/div[1]/jim-drilldown-mega-menu/nav/ul/li[4]'.</msg>
<arg>${xpath_landing_page}</arg>
<doc>Click the element identified by ``locator``.</doc>
<status status="PASS" start="2024-10-26T23:09:25.055323" elapsed="0.532519"/>
</kw>
<kw name="Get Title" owner="SeleniumLibrary">
<msg time="2024-10-26T23:09:25.640713" level="INFO">${page_title} = Pelaaminen - Jimms.fi</msg>
<var>${page_title}</var>
<doc>Returns the title of the current page.</doc>
<status status="PASS" start="2024-10-26T23:09:25.588843" elapsed="0.051870"/>
</kw>
<kw name="Run Keyword And Ignore Error" owner="BuiltIn">
<kw name="Should Not Be Empty" owner="BuiltIn">
<msg time="2024-10-26T23:09:25.645410" level="INFO">Length is 21.</msg>
<arg>${page_title}</arg>
<arg>Kategoriassa ${index + 1} pitäisi olla laskeutumis- eli "landing" -sivu</arg>
<doc>Verifies that the given item is not empty.</doc>
<status status="PASS" start="2024-10-26T23:09:25.641728" elapsed="0.004553"/>
</kw>
<arg>Should Not Be Empty</arg>
<arg>${page_title}</arg>
<arg>Kategoriassa ${index + 1} pitäisi olla laskeutumis- eli "landing" -sivu</arg>
<doc>Runs the given keyword with the given arguments and ignores possible error.</doc>
<status status="PASS" start="2024-10-26T23:09:25.641728" elapsed="0.004553"/>
</kw>
<kw name="Run Keyword And Continue On Failure" owner="BuiltIn">
<kw name="Go Back" owner="SeleniumLibrary">
<doc>Simulates the user clicking the back button on their browser.</doc>
<status status="PASS" start="2024-10-26T23:09:25.648328" elapsed="0.067849"/>
</kw>
<arg>Go Back</arg>
<doc>Runs the keyword and continues execution even if a failure occurs.</doc>
<status status="PASS" start="2024-10-26T23:09:25.647381" elapsed="0.069794"/>
</kw>
<var name="${index}">3</var>
<status status="PASS" start="2024-10-26T23:09:24.596014" elapsed="1.121161"/>
</iter>
<iter>
<kw name="Get From List" owner="Collections">
<msg time="2024-10-26T23:09:25.719175" level="INFO">${xpath_landing_page} = xpath:/html/body/header/div/div[1]/jim-drilldown-mega-menu/nav/ul/li[5]</msg>
<var>${xpath_landing_page}</var>
<arg>${xpaths_category}</arg>
<arg>${index}</arg>
<doc>Returns the value specified with an ``index`` from ``list``.</doc>
<status status="PASS" start="2024-10-26T23:09:25.718174" elapsed="0.002000"/>
</kw>
<kw name="Reload Page" owner="SeleniumLibrary">
<doc>Simulates user reloading page.</doc>
<status status="PASS" start="2024-10-26T23:09:25.720174" elapsed="0.423723"/>
</kw>
<kw name="Click Element" owner="SeleniumLibrary">
<msg time="2024-10-26T23:09:26.144909" level="INFO">Clicking element 'xpath:/html/body/header/div/div[1]/jim-drilldown-mega-menu/nav/ul/li[5]'.</msg>
<arg>${xpath_landing_page}</arg>
<doc>Click the element identified by ``locator``.</doc>
<status status="PASS" start="2024-10-26T23:09:26.143897" elapsed="0.684156"/>
</kw>
<kw name="Get Title" owner="SeleniumLibrary">
<msg time="2024-10-26T23:09:26.843225" level="INFO">${page_title} = Sim Racing - Jimms.fi</msg>
<var>${page_title}</var>
<doc>Returns the title of the current page.</doc>
<status status="PASS" start="2024-10-26T23:09:26.829215" elapsed="0.014181"/>
</kw>
<kw name="Run Keyword And Ignore Error" owner="BuiltIn">
<kw name="Should Not Be Empty" owner="BuiltIn">
<msg time="2024-10-26T23:09:26.847372" level="INFO">Length is 21.</msg>
<arg>${page_title}</arg>
<arg>Kategoriassa ${index + 1} pitäisi olla laskeutumis- eli "landing" -sivu</arg>
<doc>Verifies that the given item is not empty.</doc>
<status status="PASS" start="2024-10-26T23:09:26.845013" elapsed="0.002947"/>
</kw>
<arg>Should Not Be Empty</arg>
<arg>${page_title}</arg>
<arg>Kategoriassa ${index + 1} pitäisi olla laskeutumis- eli "landing" -sivu</arg>
<doc>Runs the given keyword with the given arguments and ignores possible error.</doc>
<status status="PASS" start="2024-10-26T23:09:26.843990" elapsed="0.004555"/>
</kw>
<kw name="Run Keyword And Continue On Failure" owner="BuiltIn">
<kw name="Go Back" owner="SeleniumLibrary">
<doc>Simulates the user clicking the back button on their browser.</doc>
<status status="PASS" start="2024-10-26T23:09:26.849760" elapsed="0.057296"/>
</kw>
<arg>Go Back</arg>
<doc>Runs the keyword and continues execution even if a failure occurs.</doc>
<status status="PASS" start="2024-10-26T23:09:26.849126" elapsed="0.058464"/>
</kw>
<var name="${index}">4</var>
<status status="PASS" start="2024-10-26T23:09:25.718174" elapsed="1.189955"/>
</iter>
<iter>
<kw name="Get From List" owner="Collections">
<msg time="2024-10-26T23:09:26.911874" level="INFO">${xpath_landing_page} = xpath:/html/body/header/div/div[1]/jim-drilldown-mega-menu/nav/ul/li[6]</msg>
<var>${xpath_landing_page}</var>
<arg>${xpaths_category}</arg>
<arg>${index}</arg>
<doc>Returns the value specified with an ``index`` from ``list``.</doc>
<status status="PASS" start="2024-10-26T23:09:26.910248" elapsed="0.002159"/>
</kw>
<kw name="Reload Page" owner="SeleniumLibrary">
<doc>Simulates user reloading page.</doc>
<status status="PASS" start="2024-10-26T23:09:26.912979" elapsed="0.499130"/>
</kw>
<kw name="Click Element" owner="SeleniumLibrary">
<msg time="2024-10-26T23:09:27.415039" level="INFO">Clicking element 'xpath:/html/body/header/div/div[1]/jim-drilldown-mega-menu/nav/ul/li[6]'.</msg>
<arg>${xpath_landing_page}</arg>
<doc>Click the element identified by ``locator``.</doc>
<status status="PASS" start="2024-10-26T23:09:27.413848" elapsed="0.600531"/>
</kw>
<kw name="Get Title" owner="SeleniumLibrary">
<msg time="2024-10-26T23:09:28.027138" level="INFO">${page_title} = Verkkotuotteet - Jimms.fi</msg>
<var>${page_title}</var>
<doc>Returns the title of the current page.</doc>
<status status="PASS" start="2024-10-26T23:09:28.015382" elapsed="0.012755"/>
</kw>
<kw name="Run Keyword And Ignore Error" owner="BuiltIn">
<kw name="Should Not Be Empty" owner="BuiltIn">
<msg time="2024-10-26T23:09:28.031135" level="INFO">Length is 25.</msg>
<arg>${page_title}</arg>
<arg>Kategoriassa ${index + 1} pitäisi olla laskeutumis- eli "landing" -sivu</arg>
<doc>Verifies that the given item is not empty.</doc>
<status status="PASS" start="2024-10-26T23:09:28.029137" elapsed="0.001998"/>
</kw>
<arg>Should Not Be Empty</arg>
<arg>${page_title}</arg>
<arg>Kategoriassa ${index + 1} pitäisi olla laskeutumis- eli "landing" -sivu</arg>
<doc>Runs the given keyword with the given arguments and ignores possible error.</doc>
<status status="PASS" start="2024-10-26T23:09:28.028137" elapsed="0.003998"/>
</kw>
<kw name="Run Keyword And Continue On Failure" owner="BuiltIn">
<kw name="Go Back" owner="SeleniumLibrary">
<doc>Simulates the user clicking the back button on their browser.</doc>
<status status="PASS" start="2024-10-26T23:09:28.033135" elapsed="0.061010"/>
</kw>
<arg>Go Back</arg>
<doc>Runs the keyword and continues execution even if a failure occurs.</doc>
<status status="PASS" start="2024-10-26T23:09:28.032135" elapsed="0.062010"/>
</kw>
<var name="${index}">5</var>
<status status="PASS" start="2024-10-26T23:09:26.909180" elapsed="1.185965"/>
</iter>
<iter>
<kw name="Get From List" owner="Collections">
<msg time="2024-10-26T23:09:28.097147" level="INFO">${xpath_landing_page} = xpath:/html/body/header/div/div[1]/jim-drilldown-mega-menu/nav/ul/li[7]</msg>
<var>${xpath_landing_page}</var>
<arg>${xpaths_category}</arg>
<arg>${index}</arg>
<doc>Returns the value specified with an ``index`` from ``list``.</doc>
<status status="PASS" start="2024-10-26T23:09:28.096152" elapsed="0.002003"/>
</kw>
<kw name="Reload Page" owner="SeleniumLibrary">
<doc>Simulates user reloading page.</doc>
<status status="PASS" start="2024-10-26T23:09:28.099148" elapsed="0.432293"/>
</kw>
<kw name="Click Element" owner="SeleniumLibrary">
<msg time="2024-10-26T23:09:28.534047" level="INFO">Clicking element 'xpath:/html/body/header/div/div[1]/jim-drilldown-mega-menu/nav/ul/li[7]'.</msg>
<arg>${xpath_landing_page}</arg>
<doc>Click the element identified by ``locator``.</doc>
<status status="PASS" start="2024-10-26T23:09:28.531441" elapsed="0.571830"/>
</kw>
<kw name="Get Title" owner="SeleniumLibrary">
<msg time="2024-10-26T23:09:29.158932" level="INFO">${page_title} = Tarvikkeet - Jimms.fi</msg>
<var>${page_title}</var>
<doc>Returns the title of the current page.</doc>
<status status="PASS" start="2024-10-26T23:09:29.103877" elapsed="0.055055"/>
</kw>
<kw name="Run Keyword And Ignore Error" owner="BuiltIn">
<kw name="Should Not Be Empty" owner="BuiltIn">
<msg time="2024-10-26T23:09:29.163176" level="INFO">Length is 21.</msg>
<arg>${page_title}</arg>
<arg>Kategoriassa ${index + 1} pitäisi olla laskeutumis- eli "landing" -sivu</arg>
<doc>Verifies that the given item is not empty.</doc>
<status status="PASS" start="2024-10-26T23:09:29.161042" elapsed="0.002134"/>
</kw>
<arg>Should Not Be Empty</arg>
<arg>${page_title}</arg>
<arg>Kategoriassa ${index + 1} pitäisi olla laskeutumis- eli "landing" -sivu</arg>
<doc>Runs the given keyword with the given arguments and ignores possible error.</doc>
<status status="PASS" start="2024-10-26T23:09:29.160046" elapsed="0.003130"/>
</kw>
<kw name="Run Keyword And Continue On Failure" owner="BuiltIn">
<kw name="Go Back" owner="SeleniumLibrary">
<doc>Simulates the user clicking the back button on their browser.</doc>
<status status="PASS" start="2024-10-26T23:09:29.164297" elapsed="0.052938"/>
</kw>
<arg>Go Back</arg>
<doc>Runs the keyword and continues execution even if a failure occurs.</doc>
<status status="PASS" start="2024-10-26T23:09:29.164297" elapsed="0.053934"/>
</kw>
<var name="${index}">6</var>
<status status="PASS" start="2024-10-26T23:09:28.095145" elapsed="1.123086"/>
</iter>
<iter>
<kw name="Get From List" owner="Collections">
<msg time="2024-10-26T23:09:29.221222" level="INFO">${xpath_landing_page} = xpath:/html/body/header/div/div[1]/jim-drilldown-mega-menu/nav/ul/li[8]</msg>
<var>${xpath_landing_page}</var>
<arg>${xpaths_category}</arg>
<arg>${index}</arg>
<doc>Returns the value specified with an ``index`` from ``list``.</doc>
<status status="PASS" start="2024-10-26T23:09:29.220273" elapsed="0.000949"/>
</kw>
<kw name="Reload Page" owner="SeleniumLibrary">
<doc>Simulates user reloading page.</doc>
<status status="PASS" start="2024-10-26T23:09:29.223232" elapsed="0.556128"/>
</kw>
<kw name="Click Element" owner="SeleniumLibrary">
<msg time="2024-10-26T23:09:29.783918" level="INFO">Clicking element 'xpath:/html/body/header/div/div[1]/jim-drilldown-mega-menu/nav/ul/li[8]'.</msg>
<arg>${xpath_landing_page}</arg>
<doc>Click the element identified by ``locator``.</doc>
<status status="PASS" start="2024-10-26T23:09:29.780358" elapsed="1.047282"/>
</kw>
<kw name="Get Title" owner="SeleniumLibrary">
<msg time="2024-10-26T23:09:30.843210" level="INFO">${page_title} = Jäähdytys- ja erikoistuotteet - Jimms.fi</msg>
<var>${page_title}</var>
<doc>Returns the title of the current page.</doc>
<status status="PASS" start="2024-10-26T23:09:30.828602" elapsed="0.015222"/>
</kw>
<kw name="Run Keyword And Ignore Error" owner="BuiltIn">
<kw name="Should Not Be Empty" owner="BuiltIn">
<msg time="2024-10-26T23:09:30.853710" level="INFO">Length is 40.</msg>
<arg>${page_title}</arg>
<arg>Kategoriassa ${index + 1} pitäisi olla laskeutumis- eli "landing" -sivu</arg>
<doc>Verifies that the given item is not empty.</doc>
<status status="PASS" start="2024-10-26T23:09:30.847992" elapsed="0.006770"/>
</kw>
<arg>Should Not Be Empty</arg>
<arg>${page_title}</arg>
<arg>Kategoriassa ${index + 1} pitäisi olla laskeutumis- eli "landing" -sivu</arg>
<doc>Runs the given keyword with the given arguments and ignores possible error.</doc>
<status status="PASS" start="2024-10-26T23:09:30.845930" elapsed="0.012373"/>
</kw>
<kw name="Run Keyword And Continue On Failure" owner="BuiltIn">
<kw name="Go Back" owner="SeleniumLibrary">
<doc>Simulates the user clicking the back button on their browser.</doc>
<status status="PASS" start="2024-10-26T23:09:30.861390" elapsed="0.067181"/>
</kw>
<arg>Go Back</arg>
<doc>Runs the keyword and continues execution even if a failure occurs.</doc>
<status status="PASS" start="2024-10-26T23:09:30.859326" elapsed="0.070188"/>
</kw>
<var name="${index}">7</var>
<status status="PASS" start="2024-10-26T23:09:29.219221" elapsed="1.710293"/>
</iter>
<iter>
<kw name="Get From List" owner="Collections">
<msg time="2024-10-26T23:09:30.934168" level="INFO">${xpath_landing_page} = xpath:/html/body/header/div/div[1]/jim-drilldown-mega-menu/nav/ul/li[9]</msg>
<var>${xpath_landing_page}</var>
<arg>${xpaths_category}</arg>
<arg>${index}</arg>
<doc>Returns the value specified with an ``index`` from ``list``.</doc>
<status status="PASS" start="2024-10-26T23:09:30.931513" elapsed="0.003670"/>
</kw>
<kw name="Reload Page" owner="SeleniumLibrary">
<doc>Simulates user reloading page.</doc>
<status status="PASS" start="2024-10-26T23:09:30.936268" elapsed="0.750291"/>
</kw>
<kw name="Click Element" owner="SeleniumLibrary">
<msg time="2024-10-26T23:09:31.691563" level="INFO">Clicking element 'xpath:/html/body/header/div/div[1]/jim-drilldown-mega-menu/nav/ul/li[9]'.</msg>
<arg>${xpath_landing_page}</arg>
<doc>Click the element identified by ``locator``.</doc>
<status status="PASS" start="2024-10-26T23:09:31.688564" elapsed="0.665875"/>
</kw>
<kw name="Get Title" owner="SeleniumLibrary">
<msg time="2024-10-26T23:09:32.364462" level="INFO">${page_title} = Ohjelmistot ja pelit - Jimms.fi</msg>
<var>${page_title}</var>
<doc>Returns the title of the current page.</doc>
<status status="PASS" start="2024-10-26T23:09:32.356439" elapsed="0.008023"/>
</kw>
<kw name="Run Keyword And Ignore Error" owner="BuiltIn">
<kw name="Should Not Be Empty" owner="BuiltIn">
<msg time="2024-10-26T23:09:32.369470" level="INFO">Length is 31.</msg>
<arg>${page_title}</arg>
<arg>Kategoriassa ${index + 1} pitäisi olla laskeutumis- eli "landing" -sivu</arg>
<doc>Verifies that the given item is not empty.</doc>
<status status="PASS" start="2024-10-26T23:09:32.366468" elapsed="0.004027"/>
</kw>
<arg>Should Not Be Empty</arg>
<arg>${page_title}</arg>
<arg>Kategoriassa ${index + 1} pitäisi olla laskeutumis- eli "landing" -sivu</arg>
<doc>Runs the given keyword with the given arguments and ignores possible error.</doc>
<status status="PASS" start="2024-10-26T23:09:32.365467" elapsed="0.005028"/>
</kw>
<kw name="Run Keyword And Continue On Failure" owner="BuiltIn">
<kw name="Go Back" owner="SeleniumLibrary">
<doc>Simulates the user clicking the back button on their browser.</doc>
<status status="PASS" start="2024-10-26T23:09:32.375011" elapsed="0.114072"/>
</kw>
<arg>Go Back</arg>
<doc>Runs the keyword and continues execution even if a failure occurs.</doc>
<status status="PASS" start="2024-10-26T23:09:32.371471" elapsed="0.118613"/>
</kw>
<var name="${index}">8</var>
<status status="PASS" start="2024-10-26T23:09:30.931513" elapsed="1.558571"/>
</iter>
<iter>
<kw name="Get From List" owner="Collections">
<msg time="2024-10-26T23:09:32.493591" level="INFO">${xpath_landing_page} = xpath:/html/body/header/div/div[1]/jim-drilldown-mega-menu/nav/ul/li[10]</msg>
<var>${xpath_landing_page}</var>
<arg>${xpaths_category}</arg>
<arg>${index}</arg>
<doc>Returns the value specified with an ``index`` from ``list``.</doc>
<status status="PASS" start="2024-10-26T23:09:32.492085" elapsed="0.001506"/>
</kw>
<kw name="Reload Page" owner="SeleniumLibrary">
<doc>Simulates user reloading page.</doc>
<status status="PASS" start="2024-10-26T23:09:32.494605" elapsed="0.658623"/>
</kw>
<kw name="Click Element" owner="SeleniumLibrary">
<msg time="2024-10-26T23:09:33.156146" level="INFO">Clicking element 'xpath:/html/body/header/div/div[1]/jim-drilldown-mega-menu/nav/ul/li[10]'.</msg>
<arg>${xpath_landing_page}</arg>
<doc>Click the element identified by ``locator``.</doc>
<status status="PASS" start="2024-10-26T23:09:33.155144" elapsed="0.538175"/>
</kw>
<kw name="Get Title" owner="SeleniumLibrary">
<msg time="2024-10-26T23:09:33.704226" level="INFO">${page_title} = Palvelut - Jimms.fi</msg>
<var>${page_title}</var>
<doc>Returns the title of the current page.</doc>
<status status="PASS" start="2024-10-26T23:09:33.694150" elapsed="0.010076"/>
</kw>
<kw name="Run Keyword And Ignore Error" owner="BuiltIn">
<kw name="Should Not Be Empty" owner="BuiltIn">
<msg time="2024-10-26T23:09:33.708232" level="INFO">Length is 19.</msg>
<arg>${page_title}</arg>
<arg>Kategoriassa ${index + 1} pitäisi olla laskeutumis- eli "landing" -sivu</arg>
<doc>Verifies that the given item is not empty.</doc>
<status status="PASS" start="2024-10-26T23:09:33.706187" elapsed="0.002045"/>
</kw>
<arg>Should Not Be Empty</arg>
<arg>${page_title}</arg>
<arg>Kategoriassa ${index + 1} pitäisi olla laskeutumis- eli "landing" -sivu</arg>
<doc>Runs the given keyword with the given arguments and ignores possible error.</doc>
<status status="PASS" start="2024-10-26T23:09:33.705147" elapsed="0.004118"/>
</kw>
<kw name="Run Keyword And Continue On Failure" owner="BuiltIn">
<kw name="Go Back" owner="SeleniumLibrary">
<doc>Simulates the user clicking the back button on their browser.</doc>
<status status="PASS" start="2024-10-26T23:09:33.710241" elapsed="0.047947"/>
</kw>
<arg>Go Back</arg>
<doc>Runs the keyword and continues execution even if a failure occurs.</doc>
<status status="PASS" start="2024-10-26T23:09:33.709265" elapsed="0.049919"/>
</kw>
<var name="${index}">9</var>
<status status="PASS" start="2024-10-26T23:09:32.491104" elapsed="1.268080"/>
</iter>
<var>${index}</var>
<value>0</value>
<value>10</value>
<status status="PASS" start="2024-10-26T23:09:21.254416" elapsed="12.505774"/>
</for>
<doc>Hanna</doc>
<status status="PASS" start="2024-10-26T23:09:16.307410" elapsed="17.454774"/>
</test>
<test id="s1-t2" name="Search &quot;ps5&quot; in the search bar and take screenshot of 1st product¨" line="52">
<kw name="Click Element" owner="SeleniumLibrary">
<msg time="2024-10-26T23:09:33.772107" level="INFO">Clicking element 'id=searchinput'.</msg>
<arg>${search_input}</arg>
<doc>Click the element identified by ``locator``.</doc>
<status status="PASS" start="2024-10-26T23:09:33.771099" elapsed="0.300611"/>
</kw>
<kw name="Input Text" owner="SeleniumLibrary">
<msg time="2024-10-26T23:09:34.075241" level="INFO">Typing text 'ps5' into text field 'id=searchinput'.</msg>
<arg>${search_input}</arg>
<arg>ps5</arg>
<doc>Types the given ``text`` into the text field identified by ``locator``.</doc>
<status status="PASS" start="2024-10-26T23:09:34.074259" elapsed="0.139995"/>
</kw>
<kw name="Press Keys" owner="SeleniumLibrary">
<msg time="2024-10-26T23:09:34.217254" level="INFO">Sending key(s) ('ENTER',) to id=searchinput element.</msg>
<msg time="2024-10-26T23:09:34.545849" level="INFO">Pressing special key ENTER to element.</msg>
<msg time="2024-10-26T23:09:34.546843" level="INFO">Releasing special key ENTER.</msg>
<arg>${search_input}</arg>
<arg>ENTER</arg>
<doc>Simulates the user pressing key(s) to an element or on the active browser.</doc>
<status status="PASS" start="2024-10-26T23:09:34.216255" elapsed="0.938519"/>
</kw>
<kw name="Wait Until Element Is Visible" owner="SeleniumLibrary">
<arg>${firstproduct}</arg>
<arg>timeout=10s</arg>
<doc>Waits until the element ``locator`` is visible.</doc>
<status status="PASS" start="2024-10-26T23:09:35.157736" elapsed="0.041561"/>
</kw>
<kw name="Capture Element Screenshot" owner="SeleniumLibrary">
<msg time="2024-10-26T23:09:35.348200" level="INFO" html="true">&lt;/td&gt;&lt;/tr&gt;&lt;tr&gt;&lt;td colspan="3"&gt;&lt;a href="first_product.png"&gt;&lt;img src="first_product.png" width="400px"&gt;&lt;/a&gt;</msg>
<arg>${firstproduct}</arg>
<arg>first_product.png</arg>
<doc>Captures a screenshot from the element identified by ``locator`` and embeds it into log file.</doc>
<status status="PASS" start="2024-10-26T23:09:35.200277" elapsed="0.148923"/>
</kw>
<doc>Jemina</doc>
<status status="PASS" start="2024-10-26T23:09:33.766628" elapsed="1.583564"/>
</test>
<test id="s1-t3" name="Go to the product page and check that it contains &quot;Sony PS5 DualSense Midnight Black, langaton peliohjain&quot;" line="63">
<kw name="Click Element" owner="SeleniumLibrary">
<msg time="2024-10-26T23:09:35.360439" level="INFO">Clicking element 'xpath=//*[@id="productsearchpage"]/div[2]/div[5]/div/div[1]/product-box/div[2]/div[1]/a/div/img'.</msg>
<arg>xpath=//*[@id="productsearchpage"]/div[2]/div[5]/div/div[1]/product-box/div[2]/div[1]/a/div/img</arg>
<doc>Click the element identified by ``locator``.</doc>
<status status="PASS" start="2024-10-26T23:09:35.359826" elapsed="0.671232"/>
</kw>
<kw name="Page Should Contain" owner="SeleniumLibrary">
<msg time="2024-10-26T23:09:36.067101" level="INFO">Current page contains text 'Sony PS5 DualSense Midnight Black, langaton peliohjain'.</msg>
<arg>Sony PS5 DualSense Midnight Black, langaton peliohjain</arg>
<doc>Verifies that current page contains ``text``.</doc>
<status status="PASS" start="2024-10-26T23:09:36.033039" elapsed="0.034062"/>
</kw>
<status status="PASS" start="2024-10-26T23:09:35.354726" elapsed="0.714892"/>
</test>
<test id="s1-t4" name="Test if the &quot;Lisää koriin&quot; link and icon is visible" line="70">
<kw name="Element Should Be Visible" owner="SeleniumLibrary">
<msg time="2024-10-26T23:09:36.115045" level="INFO">Element 'css=a[title="Lisää koriin"]' is displayed.</msg>
<arg>css=a[title="Lisää koriin"]</arg>
<doc>Verifies that the element identified by ``locator`` is visible.</doc>
<status status="PASS" start="2024-10-26T23:09:36.079172" elapsed="0.036935"/>
</kw>
<kw name="Wait Until Element Is Visible" owner="SeleniumLibrary">
<arg>${ICON_XPATH}</arg>
<arg>timeout=10</arg>
<doc>Waits until the element ``locator`` is visible.</doc>
<status status="PASS" start="2024-10-26T23:09:36.117004" elapsed="0.091054"/>
</kw>
<kw name="Element Should Be Visible" owner="SeleniumLibrary">
<msg time="2024-10-26T23:09:36.242160" level="INFO">Element '//addto-cart-wrapper//a//span' is displayed.</msg>
<arg>${ICON_XPATH}</arg>
<doc>Verifies that the element identified by ``locator`` is visible.</doc>
<status status="PASS" start="2024-10-26T23:09:36.210106" elapsed="0.032054"/>
</kw>
<doc>Ella</doc>
<status status="PASS" start="2024-10-26T23:09:36.075182" elapsed="0.169302"/>
</test>
<test id="s1-t5" name="Take screenshot of the icon" line="78">
<kw name="Capture Element Screenshot" owner="SeleniumLibrary">
<msg time="2024-10-26T23:09:36.431669" level="INFO" html="true">&lt;/td&gt;&lt;/tr&gt;&lt;tr&gt;&lt;td colspan="3"&gt;&lt;a href="lis%C3%A4%C3%A4_koriin_ikoni.png"&gt;&lt;img src="lis%C3%A4%C3%A4_koriin_ikoni.png" width="400px"&gt;&lt;/a&gt;</msg>
<arg>${ICON_XPATH}</arg>
<arg>${SCREENSHOT_PATH}</arg>
<doc>Captures a screenshot from the element identified by ``locator`` and embeds it into log file.</doc>
<status status="PASS" start="2024-10-26T23:09:36.249553" elapsed="0.184644"/>
</kw>
<kw name="File Should Exist" owner="OperatingSystem">
<msg time="2024-10-26T23:09:36.438217" level="INFO" html="true">File '&lt;a href="file://C:\SoftwareTestingProject\lisää_koriin_ikoni.png"&gt;C:\SoftwareTestingProject\lisää_koriin_ikoni.png&lt;/a&gt;' exists.</msg>
<arg>${SCREENSHOT_PATH}</arg>
<doc>Fails unless the given ``path`` points to an existing file.</doc>
<status status="PASS" start="2024-10-26T23:09:36.436214" elapsed="0.004012"/>
</kw>
<status status="PASS" start="2024-10-26T23:09:36.247445" elapsed="0.197308"/>
</test>
<test id="s1-t6" name="Testaa lisätä tuote ostoskoriin" line="83">
<kw name="Click Element" owner="SeleniumLibrary">
<msg time="2024-10-26T23:09:36.461297" level="INFO">Clicking element 'xpath://a[@title='Lisää koriin']'.</msg>
<arg>xpath://a[@title='Lisää koriin']</arg>
<doc>Click the element identified by ``locator``.</doc>
<status status="PASS" start="2024-10-26T23:09:36.459297" elapsed="0.160929"/>
</kw>
<doc>Hanna</doc>
<status status="PASS" start="2024-10-26T23:09:36.451749" elapsed="0.169419"/>
</test>
<status status="PASS" start="2024-10-26T23:09:15.455665" elapsed="21.171091"/>
</suite>
<statistics>
<total>
<stat pass="6" fail="0" skip="0">All Tests</stat>
</total>
<tag>
</tag>
<suite>
<stat pass="6" fail="0" skip="0" id="s1" name="Jimms">Jimms</stat>
</suite>
</statistics>
<errors>
</errors>
</robot>
