<?xml version="1.0" encoding="UTF-8"?>
<robot generator="Robot 7.1 (Python 3.12.5 on win32)" generated="2024-10-24T10:54:30.876053" rpa="false" schemaversion="5">
<suite id="s1" name="2.Testi" source="c:\Users\leski\OneDrive\Tiedostot\GitHub\SoftwareTestingProject\2.testi.robot">
<test id="s1-t1" name="Open Browser and maximize Window" line="13">
<kw name="Open Browser" owner="SeleniumLibrary">
<msg time="2024-10-24T10:54:31.825951" level="INFO">Opening browser 'Chrome' to base url 'https://www.jimms.fi/'.</msg>
<arg>${url}</arg>
<arg>Chrome</arg>
<doc>Opens a new browser instance to the optional ``url``.</doc>
<status status="PASS" start="2024-10-24T10:54:31.825951" elapsed="4.746293"/>
</kw>
<kw name="Maximize Browser Window" owner="SeleniumLibrary">
<doc>Maximizes current browser window.</doc>
<status status="PASS" start="2024-10-24T10:54:36.572244" elapsed="0.331343"/>
</kw>
<status status="PASS" start="2024-10-24T10:54:31.825951" elapsed="5.077636"/>
</test>
<status status="PASS" start="2024-10-24T10:54:30.888294" elapsed="6.020491"/>
</suite>
<statistics>
<total>
<stat pass="1" fail="0" skip="0">All Tests</stat>
</total>
<tag>
</tag>
<suite>
<stat pass="1" fail="0" skip="0" id="s1" name="2.Testi">2.Testi</stat>
</suite>
</statistics>
<errors>
</errors>
</robot>
