<?xml version="1.0" encoding="UTF-8"?>
<robot generator="Robot 7.0.1 (Python 3.12.0 on win32)" generated="2024-10-27T15:24:20.433260" rpa="false" schemaversion="5">
<suite id="s1" name="10.testi darktheme and lightTheme" source="c:\SoftwareTestingProject\10.testi_darktheme_and_lightTheme.robot">
<test id="s1-t1" name="Open browser" line="15">
<kw name="Open Browser" owner="SeleniumLibrary">
<msg time="2024-10-27T15:24:21.349055" level="INFO">Opening browser 'Chrome' to base url 'https://www.jimms.fi/'.</msg>
<arg>${URL}</arg>
<arg>Chrome</arg>
<doc>Opens a new browser instance to the optional ``url``.</doc>
<status status="PASS" start="2024-10-27T15:24:21.346151" elapsed="2.407899"/>
</kw>
<kw name="Maximize Browser Window" owner="SeleniumLibrary">
<doc>Maximizes current browser window.</doc>
<status status="PASS" start="2024-10-27T15:24:23.756052" elapsed="0.204428"/>
</kw>
<doc>Jemina</doc>
<status status="PASS" start="2024-10-27T15:24:21.341058" elapsed="2.620437"/>
</test>
<test id="s1-t2" name="Change theme to dark" line="21">
<kw name="Click Element" owner="SeleniumLibrary">
<msg time="2024-10-27T15:24:23.969504" level="INFO">Clicking element 'xpath=/html/body/div[1]/div/div/span'.</msg>
<arg>${dropdown}</arg>
<doc>Click the element identified by ``locator``.</doc>
<status status="PASS" start="2024-10-27T15:24:23.967503" elapsed="0.278923"/>
</kw>
<kw name="Click Element" owner="SeleniumLibrary">
<msg time="2024-10-27T15:24:24.249418" level="INFO">Clicking element 'xpath=/html/body/div[1]/div/div/ul/li[2]/button'.</msg>
<arg>${darktheme}</arg>
<doc>Click the element identified by ``locator``.</doc>
<status status="PASS" start="2024-10-27T15:24:24.248419" elapsed="0.084357"/>
</kw>
<kw name="Sleep" owner="BuiltIn">
<msg time="2024-10-27T15:24:27.336287" level="INFO">Slept 3 seconds.</msg>
<arg>3s</arg>
<doc>Pauses the test executed for the given time.</doc>
<status status="PASS" start="2024-10-27T15:24:24.334679" elapsed="3.002620"/>
</kw>
<kw name="Take Screenshot" owner="Screenshot">
<msg time="2024-10-27T15:24:27.418144" level="INFO" html="true">&lt;a href="darktheme.jpg"&gt;&lt;img src="darktheme.jpg" width="800px"&gt;&lt;/a&gt;</msg>
<arg>darktheme.jpg</arg>
<doc>Takes a screenshot in JPEG format and embeds it into the log file.</doc>
<status status="PASS" start="2024-10-27T15:24:27.339296" elapsed="0.079839"/>
</kw>
<status status="PASS" start="2024-10-27T15:24:23.965498" elapsed="3.455560"/>
</test>
<test id="s1-t3" name="Change theme back to light" line="28">
<kw name="Click Element" owner="SeleniumLibrary">
<msg time="2024-10-27T15:24:27.427145" level="INFO">Clicking element 'xpath=/html/body/div[1]/div/div/span'.</msg>
<arg>${dropdown}</arg>
<doc>Click the element identified by ``locator``.</doc>
<status status="PASS" start="2024-10-27T15:24:27.426042" elapsed="0.066905"/>
</kw>
<kw name="Click Element" owner="SeleniumLibrary">
<msg time="2024-10-27T15:24:27.494949" level="INFO">Clicking element 'xpath=/html/body/div[1]/div/div/ul/li[1]/button'.</msg>
<arg>${lighttheme}</arg>
<doc>Click the element identified by ``locator``.</doc>
<status status="PASS" start="2024-10-27T15:24:27.493945" elapsed="0.100796"/>
</kw>
<kw name="Sleep" owner="BuiltIn">
<msg time="2024-10-27T15:24:30.598428" level="INFO">Slept 3 seconds.</msg>
<arg>3s</arg>
<doc>Pauses the test executed for the given time.</doc>
<status status="PASS" start="2024-10-27T15:24:27.596742" elapsed="3.002700"/>
</kw>
<kw name="Take Screenshot" owner="Screenshot">
<msg time="2024-10-27T15:24:30.656382" level="INFO" html="true">&lt;a href="lighttheme.jpg"&gt;&lt;img src="lighttheme.jpg" width="800px"&gt;&lt;/a&gt;</msg>
<arg>lighttheme.jpg</arg>
<doc>Takes a screenshot in JPEG format and embeds it into the log file.</doc>
<status status="PASS" start="2024-10-27T15:24:30.602440" elapsed="0.053942"/>
</kw>
<kw name="Close Browser" owner="SeleniumLibrary">
<doc>Closes the current browser.</doc>
<status status="PASS" start="2024-10-27T15:24:30.657472" elapsed="2.262153"/>
</kw>
<status status="PASS" start="2024-10-27T15:24:27.424044" elapsed="5.498691"/>
</test>
<status status="PASS" start="2024-10-27T15:24:20.451162" elapsed="12.476665"/>
</suite>
<statistics>
<total>
<stat pass="3" fail="0" skip="0">All Tests</stat>
</total>
<tag>
</tag>
<suite>
<stat pass="3" fail="0" skip="0" id="s1" name="10.testi darktheme and lightTheme">10.testi darktheme and lightTheme</stat>
</suite>
</statistics>
<errors>
</errors>
</robot>
