<?xml version="1.0" encoding="UTF-8"?>
<robot generator="Robot 7.1 (Python 3.12.0 on win32)" generated="2024-10-25T17:06:49.471418" rpa="false" schemaversion="5">
<suite id="s1" name="10.Testi" source="c:\Users\jemin\OneDrive - Hämeen ammattikorkeakoulu\GitHubit\SoftwareTestingProject\10.testi.robot">
<test id="s1-t1" name="Open browser" line="15">
<kw name="Open Browser" owner="SeleniumLibrary">
<msg time="2024-10-25T17:06:49.723708" level="INFO">Opening browser 'Chrome' to base url 'https://www.jimms.fi/'.</msg>
<arg>${URL}</arg>
<arg>Chrome</arg>
<doc>Opens a new browser instance to the optional ``url``.</doc>
<status status="PASS" start="2024-10-25T17:06:49.722708" elapsed="4.769068"/>
</kw>
<kw name="Maximize Browser Window" owner="SeleniumLibrary">
<doc>Maximizes current browser window.</doc>
<status status="PASS" start="2024-10-25T17:06:54.492774" elapsed="0.142991"/>
</kw>
<status status="PASS" start="2024-10-25T17:06:49.721711" elapsed="4.914054"/>
</test>
<test id="s1-t2" name="Change theme to dark" line="19">
<kw name="Click Element" owner="SeleniumLibrary">
<msg time="2024-10-25T17:06:54.639767" level="INFO">Clicking element 'xpath=/html/body/div[1]/div/div/span'.</msg>
<arg>${dropdown}</arg>
<doc>Click the element identified by ``locator``.</doc>
<status status="PASS" start="2024-10-25T17:06:54.638769" elapsed="0.099776"/>
</kw>
<kw name="Click Element" owner="SeleniumLibrary">
<msg time="2024-10-25T17:06:54.739551" level="INFO">Clicking element 'xpath=/html/body/div[1]/div/div/ul/li[2]/button'.</msg>
<arg>${darktheme}</arg>
<doc>Click the element identified by ``locator``.</doc>
<status status="PASS" start="2024-10-25T17:06:54.739551" elapsed="0.078961"/>
</kw>
<kw name="Sleep" owner="BuiltIn">
<msg time="2024-10-25T17:06:57.820111" level="INFO">Slept 3 seconds.</msg>
<arg>3s</arg>
<doc>Pauses the test executed for the given time.</doc>
<status status="PASS" start="2024-10-25T17:06:54.819542" elapsed="3.000569"/>
</kw>
<kw name="Take Screenshot" owner="Screenshot">
<msg time="2024-10-25T17:06:57.893478" level="INFO" html="true">&lt;a href="darktheme.jpg"&gt;&lt;img src="darktheme.jpg" width="800px"&gt;&lt;/a&gt;</msg>
<arg>darktheme.jpg</arg>
<doc>Takes a screenshot in JPEG format and embeds it into the log file.</doc>
<status status="PASS" start="2024-10-25T17:06:57.820647" elapsed="0.072831"/>
</kw>
<status status="PASS" start="2024-10-25T17:06:54.637766" elapsed="3.256705"/>
</test>
<test id="s1-t3" name="Change theme back to light" line="26">
<kw name="Click Element" owner="SeleniumLibrary">
<msg time="2024-10-25T17:06:57.900472" level="INFO">Clicking element 'xpath=/html/body/div[1]/div/div/span'.</msg>
<arg>${dropdown}</arg>
<doc>Click the element identified by ``locator``.</doc>
<status status="PASS" start="2024-10-25T17:06:57.899475" elapsed="0.057065"/>
</kw>
<kw name="Click Element" owner="SeleniumLibrary">
<msg time="2024-10-25T17:06:57.957560" level="INFO">Clicking element 'xpath=/html/body/div[1]/div/div/ul/li[1]/button'.</msg>
<arg>${lighttheme}</arg>
<doc>Click the element identified by ``locator``.</doc>
<status status="PASS" start="2024-10-25T17:06:57.957560" elapsed="0.069466"/>
</kw>
<kw name="Sleep" owner="BuiltIn">
<msg time="2024-10-25T17:07:01.028491" level="INFO">Slept 3 seconds.</msg>
<arg>3s</arg>
<doc>Pauses the test executed for the given time.</doc>
<status status="PASS" start="2024-10-25T17:06:58.028029" elapsed="3.001480"/>
</kw>
<kw name="Take Screenshot" owner="Screenshot">
<msg time="2024-10-25T17:07:01.083495" level="INFO" html="true">&lt;a href="lighttheme.jpg"&gt;&lt;img src="lighttheme.jpg" width="800px"&gt;&lt;/a&gt;</msg>
<arg>lighttheme.jpg</arg>
<doc>Takes a screenshot in JPEG format and embeds it into the log file.</doc>
<status status="PASS" start="2024-10-25T17:07:01.030506" elapsed="0.053977"/>
</kw>
<kw name="Close Browser" owner="SeleniumLibrary">
<doc>Closes the current browser.</doc>
<status status="PASS" start="2024-10-25T17:07:01.086477" elapsed="2.169582"/>
</kw>
<status status="PASS" start="2024-10-25T17:06:57.897478" elapsed="5.359586"/>
</test>
<status status="PASS" start="2024-10-25T17:06:49.476420" elapsed="13.781640"/>
</suite>
<statistics>
<total>
<stat pass="3" fail="0" skip="0">All Tests</stat>
</total>
<tag>
</tag>
<suite>
<stat pass="3" fail="0" skip="0" id="s1" name="10.Testi">10.Testi</stat>
</suite>
</statistics>
<errors>
</errors>
</robot>
